May 13, 2025 10:11:08 AM Main main
INFO: Inizializzazione del server e della logica di gioco...
May 13, 2025 10:11:08 AM Main initializeGameState
INFO: Stato del gioco trovato. Caricamento in corso...
May 13, 2025 10:11:08 AM Main startServer
INFO: Server avviato correttamente e pronto a gestire le richieste.
May 13, 2025 10:19:30 AM Main main
INFO: Inizializzazione del server e della logica di gioco...
May 13, 2025 10:19:30 AM Main initializeGameState
INFO: Stato del gioco trovato. Caricamento in corso...
May 13, 2025 10:21:38 AM Main main
INFO: Inizializzazione del server e della logica di gioco...
May 13, 2025 10:21:38 AM Main initializeGameState
INFO: Stato del gioco trovato. Caricamento in corso...
May 13, 2025 10:21:38 AM Main startServer
INFO: Server avviato correttamente e pronto a gestire le richieste.
May 13, 2025 10:23:27 AM Main main
INFO: Inizializzazione del server e della logica di gioco...
May 13, 2025 10:23:27 AM Main initializeGameState
INFO: Stato del gioco trovato. Caricamento in corso...
May 13, 2025 10:23:27 AM Main startServer
INFO: Server avviato correttamente e pronto a gestire le richieste.
May 13, 2025 10:24:27 AM Main main
INFO: Inizializzazione del server e della logica di gioco...
May 13, 2025 10:24:27 AM Main initializeGameState
INFO: Stato del gioco trovato. Caricamento in corso...
May 13, 2025 10:24:27 AM Main startServer
INFO: Server avviato correttamente e pronto a gestire le richieste.
May 13, 2025 10:26:13 AM Main main
INFO: Inizializzazione del server e della logica di gioco...
May 13, 2025 10:26:14 AM Main initializeGameState
INFO: Stato del gioco trovato. Caricamento in corso...
May 13, 2025 10:26:14 AM Main startServer
INFO: Server avviato correttamente e pronto a gestire le richieste.
May 13, 2025 10:36:18 AM Main main
INFO: Inizializzazione del server e della logica di gioco...
May 13, 2025 10:36:18 AM Main initializeGameState
INFO: Stato del gioco trovato. Caricamento in corso...
May 13, 2025 10:36:18 AM Main startServer
INFO: Server avviato correttamente e pronto a gestire le richieste.
May 13, 2025 10:37:02 AM Main main
INFO: Inizializzazione del server e della logica di gioco...
May 13, 2025 10:37:03 AM Main initializeGameState
INFO: Stato del gioco trovato. Caricamento in corso...
May 13, 2025 10:37:03 AM Main startServer
INFO: Server avviato correttamente e pronto a gestire le richieste.
May 13, 2025 10:41:49 AM Main main
INFO: Inizializzazione del server e della logica di gioco...
May 13, 2025 10:41:49 AM Main initializeGameState
INFO: Stato del gioco trovato. Caricamento in corso...
May 13, 2025 10:41:49 AM Main startServer
INFO: Server avviato correttamente e pronto a gestire le richieste.
May 13, 2025 10:43:09 AM Main main
INFO: Inizializzazione del server e della logica di gioco...
May 13, 2025 10:43:10 AM Main initializeGameState
INFO: Stato del gioco trovato. Caricamento in corso...
May 13, 2025 10:43:10 AM Main startServer
INFO: Server avviato correttamente e pronto a gestire le richieste.
May 13, 2025 10:45:34 AM Main main
INFO: Inizializzazione del server e della logica di gioco...
May 13, 2025 10:45:34 AM Main initializeGameState
INFO: Stato del gioco trovato. Caricamento in corso...
May 13, 2025 10:45:34 AM Main startServer
INFO: Server avviato correttamente e pronto a gestire le richieste.
May 13, 2025 10:56:58 AM Main main
INFO: Inizializzazione del server e della logica di gioco...
May 13, 2025 10:56:58 AM Main initializeGameState
INFO: Stato del gioco trovato. Caricamento in corso...
May 13, 2025 10:56:58 AM Main startServer
INFO: Server avviato correttamente e pronto a gestire le richieste.
